Building DAG of jobs...
Using shell: /usr/bin/bash
Provided cores: 1 (use --cores to define parallelism)
Rules claiming more threads will be scaled down.
Job counts:
	count	jobs
	1	all
	1	ete3
	2

[Wed Dec  4 11:00:50 2019]
rule ete3:
    input: data/newicks/Pongo_abelii.tree
    output: plots/Pongo_abelii.pdf
    jobid: 1
    wildcards: sample=Pongo_abelii

[Wed Dec  4 11:00:51 2019]
Finished job 1.
1 of 2 steps (50%) done

[Wed Dec  4 11:00:51 2019]
localrule all:
    input: plots/Pongo_abelii.pdf
    jobid: 0

[Wed Dec  4 11:00:51 2019]
Finished job 0.
2 of 2 steps (100%) done
Complete log: /home/531734/mike/blast-snake/.snakemake/log/2019-12-04T110050.582717.snakemake.log
