Building DAG of jobs...
Using shell: /usr/bin/bash
Provided cores: 1 (use --cores to define parallelism)
Rules claiming more threads will be scaled down.
Job counts:
	count	jobs
	1	add_query_msa
	1	all
	1	ete3
	1	fasttree
	1	gb_parsing
	1	gb_pull
	1	mafft
	1	sed_space2underscore
	1	trimal
	9

[Wed Dec  4 11:16:56 2019]
rule gb_pull:
    input: data/blast_out_accs/Pongo_abelii
    output: data/pulled_gb/Pongo_abelii.gb
    jobid: 8
    wildcards: sample=Pongo_abelii

[Wed Dec  4 11:16:57 2019]
Finished job 8.
1 of 9 steps (11%) done

[Wed Dec  4 11:16:57 2019]
rule gb_parsing:
    input: data/pulled_gb/Pongo_abelii.gb
    output: data/parsed_gb/Pongo_abelii
    jobid: 7
    wildcards: sample=Pongo_abelii

[Wed Dec  4 11:16:57 2019]
Finished job 7.
2 of 9 steps (22%) done

[Wed Dec  4 11:16:57 2019]
rule sed_space2underscore:
    input: data/parsed_gb/Pongo_abelii
    output: data/trans_gb/Pongo_abelii
    jobid: 6
    wildcards: sample=Pongo_abelii

[Wed Dec  4 11:16:57 2019]
Finished job 6.
3 of 9 steps (33%) done

[Wed Dec  4 11:16:57 2019]
rule add_query_msa:
    input: data/trans_gb/Pongo_abelii, data/queries/Pongo_abelii.fasta
    output: data/pre_mafft/Pongo_abelii
    jobid: 5
    wildcards: sample=Pongo_abelii

[Wed Dec  4 11:16:57 2019]
Finished job 5.
4 of 9 steps (44%) done

[Wed Dec  4 11:16:57 2019]
rule mafft:
    input: data/pre_mafft/Pongo_abelii
    output: data/mafft_out/Pongo_abelii
    jobid: 4
    wildcards: sample=Pongo_abelii

[Wed Dec  4 11:17:04 2019]
Finished job 4.
5 of 9 steps (56%) done

[Wed Dec  4 11:17:04 2019]
rule trimal:
    input: data/mafft_out/Pongo_abelii
    output: data/trimal/Pongo_abelii
    jobid: 3
    wildcards: sample=Pongo_abelii

[Wed Dec  4 11:17:04 2019]
Finished job 3.
6 of 9 steps (67%) done

[Wed Dec  4 11:17:04 2019]
rule fasttree:
    input: data/trimal/Pongo_abelii
    output: data/newicks/Pongo_abelii.tree
    jobid: 2
    wildcards: sample=Pongo_abelii

[Wed Dec  4 11:17:04 2019]
Finished job 2.
7 of 9 steps (78%) done

[Wed Dec  4 11:17:04 2019]
rule ete3:
    input: data/newicks/Pongo_abelii.tree
    output: plots/Pongo_abelii.pdf
    jobid: 1
    wildcards: sample=Pongo_abelii

[Wed Dec  4 11:17:05 2019]
Finished job 1.
8 of 9 steps (89%) done

[Wed Dec  4 11:17:05 2019]
localrule all:
    input: plots/Pongo_abelii.pdf
    jobid: 0

[Wed Dec  4 11:17:05 2019]
Finished job 0.
9 of 9 steps (100%) done
Complete log: /home/531734/mike/blast-snake/.snakemake/log/2019-12-04T111655.964679.snakemake.log
