Building DAG of jobs...
Using shell: /usr/bin/bash
Provided cores: 1 (use --cores to define parallelism)
Rules claiming more threads will be scaled down.
Job counts:
	count	jobs
	1	all
	1	ete3
	2

[Wed Dec  4 11:00:19 2019]
rule ete3:
    input: data/newicks/Pongo_abelii.tree
    output: plots/Pongo_abelii.pdf
    jobid: 1
    wildcards: sample=Pongo_abelii

[Wed Dec  4 11:00:19 2019]
Error in rule ete3:
    jobid: 1
    output: plots/Pongo_abelii.pdf

RuleException:
CalledProcessError in line 173 of /home/531734/mike/blast-snake/Snakefile:
Command 'set -euo pipefail;  /home/531734/.conda/envs/blastsnake/bin/python3.6 /home/531734/mike/blast-snake/.snakemake/scripts/tmp_jabrk76.ete.py' returned non-zero exit status 1.
  File "/home/531734/mike/blast-snake/Snakefile", line 173, in __rule_ete3
  File "/home/531734/.conda/envs/blastsnake/lib/python3.6/concurrent/futures/thread.py", line 56, in run
Shutting down, this might take some time.
Exiting because a job execution failed. Look above for error message
Complete log: /home/531734/mike/blast-snake/.snakemake/log/2019-12-04T110019.775590.snakemake.log
